TN:
SF:src\index-quantum-perfect.ts
FN:31,(anonymous_1)
FN:40,(anonymous_2)
FN:48,(anonymous_3)
FN:54,(anonymous_4)
FN:77,(anonymous_5)
FN:99,(anonymous_6)
FN:114,(anonymous_7)
FN:123,(anonymous_8)
FN:137,(anonymous_9)
FNF:9
FNH:0
FNDA:0,(anonymous_1)
FNDA:0,(anonymous_2)
FNDA:0,(anonymous_3)
FNDA:0,(anonymous_4)
FNDA:0,(anonymous_5)
FNDA:0,(anonymous_6)
FNDA:0,(anonymous_7)
FNDA:0,(anonymous_8)
FNDA:0,(anonymous_9)
DA:7,0
DA:8,0
DA:10,0
DA:13,0
DA:14,0
DA:15,0
DA:16,0
DA:17,0
DA:18,0
DA:19,0
DA:20,0
DA:21,0
DA:22,0
DA:23,0
DA:24,0
DA:27,0
DA:28,0
DA:31,0
DA:32,0
DA:38,0
DA:41,0
DA:45,0
DA:49,0
DA:50,0
DA:51,0
DA:56,0
DA:57,0
DA:58,0
DA:59,0
DA:60,0
DA:61,0
DA:62,0
DA:63,0
DA:64,0
DA:65,0
DA:66,0
DA:67,0
DA:70,0
DA:78,0
DA:79,0
DA:80,0
DA:81,0
DA:82,0
DA:83,0
DA:85,0
DA:95,0
DA:99,0
DA:115,0
DA:116,0
DA:117,0
DA:118,0
DA:120,0
DA:124,0
DA:125,0
DA:126,0
DA:127,0
DA:129,0
DA:130,0
DA:136,0
DA:137,0
DA:138,0
DA:139,0
LF:62
LH:0
BRDA:81,0,0,0
BRDA:81,0,1,0
BRF:2
BRH:0
end_of_record
TN:
SF:src\index-quantum-vigoleonrocks.ts
FN:58,(anonymous_1)
FN:76,(anonymous_2)
FN:110,(anonymous_3)
FN:139,(anonymous_4)
FN:144,(anonymous_5)
FN:145,(anonymous_6)
FN:190,(anonymous_7)
FN:209,(anonymous_8)
FN:217,(anonymous_9)
FN:241,(anonymous_10)
FN:261,(anonymous_11)
FN:268,(anonymous_12)
FN:274,main
FN:279,(anonymous_14)
FNF:14
FNH:0
FNDA:0,(anonymous_1)
FNDA:0,(anonymous_2)
FNDA:0,(anonymous_3)
FNDA:0,(anonymous_4)
FNDA:0,(anonymous_5)
FNDA:0,(anonymous_6)
FNDA:0,(anonymous_7)
FNDA:0,(anonymous_8)
FNDA:0,(anonymous_9)
FNDA:0,(anonymous_10)
FNDA:0,(anonymous_11)
FNDA:0,(anonymous_12)
FNDA:0,main
FNDA:0,(anonymous_14)
DA:17,0
DA:18,0
DA:21,0
DA:22,0
DA:23,0
DA:24,0
DA:25,0
DA:26,0
DA:27,0
DA:28,0
DA:29,0
DA:30,0
DA:31,0
DA:32,0
DA:35,0
DA:36,0
DA:37,0
DA:38,0
DA:39,0
DA:40,0
DA:43,0
DA:44,0
DA:45,0
DA:46,0
DA:50,0
DA:56,0
DA:59,0
DA:64,0
DA:65,0
DA:66,0
DA:67,0
DA:68,0
DA:70,0
DA:77,0
DA:78,0
DA:79,0
DA:80,0
DA:81,0
DA:82,0
DA:83,0
DA:85,0
DA:87,0
DA:90,0
DA:93,0
DA:96,0
DA:98,0
DA:102,0
DA:103,0
DA:112,0
DA:113,0
DA:114,0
DA:115,0
DA:116,0
DA:117,0
DA:118,0
DA:119,0
DA:120,0
DA:121,0
DA:122,0
DA:123,0
DA:126,0
DA:127,0
DA:128,0
DA:129,0
DA:130,0
DA:131,0
DA:133,0
DA:141,0
DA:144,0
DA:145,0
DA:146,0
DA:147,0
DA:149,0
DA:150,0
DA:152,0
DA:154,0
DA:157,0
DA:160,0
DA:163,0
DA:165,0
DA:166,0
DA:170,0
DA:171,0
DA:174,0
DA:178,0
DA:182,0
DA:184,0
DA:191,0
DA:192,0
DA:193,0
DA:196,0
DA:197,0
DA:198,0
DA:199,0
DA:200,0
DA:203,0
DA:211,0
DA:218,0
DA:219,0
DA:220,0
DA:222,0
DA:223,0
DA:224,0
DA:225,0
DA:226,0
DA:227,0
DA:228,0
DA:229,0
DA:232,0
DA:233,0
DA:234,0
DA:242,0
DA:258,0
DA:261,0
DA:262,0
DA:263,0
DA:264,0
DA:265,0
DA:268,0
DA:269,0
DA:270,0
DA:275,0
DA:279,0
DA:280,0
DA:283,0
DA:284,0
DA:285,0
DA:286,0
DA:288,0
DA:291,0
DA:294,0
LF:131
LH:0
BRDA:211,0,0,0
BRDA:211,0,1,0
BRDA:227,1,0,0
BRDA:227,1,1,0
BRF:4
BRH:0
end_of_record
TN:
SF:src\index.ts
FN:35,main
FN:41,(anonymous_2)
FNF:2
FNH:0
FNDA:0,main
FNDA:0,(anonymous_2)
DA:2,0
DA:3,0
DA:4,0
DA:5,0
DA:6,0
DA:7,0
DA:8,0
DA:9,0
DA:10,0
DA:11,0
DA:12,0
DA:13,0
DA:14,0
DA:15,0
DA:17,0
DA:22,0
DA:23,0
DA:24,0
DA:25,0
DA:26,0
DA:27,0
DA:28,0
DA:29,0
DA:30,0
DA:31,0
DA:32,0
DA:33,0
DA:36,0
DA:37,0
DA:38,0
DA:41,0
DA:42,0
DA:43,0
LF:33
LH:0
BRF:0
BRH:0
end_of_record
TN:
SF:src\quantum-apisix-tiger-types-ultimate-fixed.ts
FN:48,(anonymous_1)
FN:55,(anonymous_2)
FN:70,(anonymous_3)
FN:75,(anonymous_4)
FN:82,(anonymous_5)
FN:86,(anonymous_6)
FN:92,(anonymous_7)
FN:93,(anonymous_8)
FN:95,(anonymous_9)
FN:100,(anonymous_10)
FN:111,(anonymous_11)
FN:121,(anonymous_12)
FN:131,(anonymous_13)
FN:135,(anonymous_14)
FN:139,(anonymous_15)
FN:150,(anonymous_16)
FN:155,(anonymous_17)
FN:162,(anonymous_18)
FN:169,(anonymous_19)
FN:170,(anonymous_20)
FN:171,(anonymous_21)
FN:173,(anonymous_22)
FN:184,(anonymous_23)
FN:194,(anonymous_24)
FN:198,(anonymous_25)
FN:210,(anonymous_26)
FN:219,(anonymous_27)
FN:224,(anonymous_28)
FN:231,(anonymous_29)
FN:238,(anonymous_30)
FN:242,(anonymous_31)
FN:253,(anonymous_32)
FN:254,(anonymous_33)
FN:255,(anonymous_34)
FN:257,(anonymous_35)
FN:259,(anonymous_36)
FN:270,(anonymous_37)
FN:280,(anonymous_38)
FN:286,(anonymous_39)
FN:298,(anonymous_40)
FN:302,(anonymous_41)
FN:321,(anonymous_42)
FN:334,(anonymous_43)
FN:359,(anonymous_44)
FN:374,(anonymous_45)
FN:394,(anonymous_46)
FN:400,(anonymous_47)
FN:435,(anonymous_48)
FN:439,(anonymous_49)
FN:440,(anonymous_50)
FN:441,(anonymous_51)
FN:448,(anonymous_52)
FN:449,(anonymous_53)
FN:465,(anonymous_54)
FN:471,(anonymous_55)
FN:472,(anonymous_56)
FN:479,(anonymous_57)
FN:480,(anonymous_58)
FN:496,(anonymous_59)
FN:497,(anonymous_60)
FN:512,(anonymous_61)
FN:519,(anonymous_62)
FN:520,(anonymous_63)
FN:521,(anonymous_64)
FN:537,(anonymous_65)
FN:541,(anonymous_66)
FN:542,(anonymous_67)
FN:569,(anonymous_68)
FN:570,(anonymous_69)
FN:584,(anonymous_70)
FN:585,(anonymous_71)
FN:587,(anonymous_72)
FN:640,(anonymous_73)
FN:643,(anonymous_74)
FN:647,(anonymous_75)
FN:670,(anonymous_76)
FN:684,(anonymous_77)
FN:700,(anonymous_78)
FN:718,(anonymous_79)
FN:729,(anonymous_80)
FN:742,(anonymous_81)
FN:769,(anonymous_82)
FN:781,(anonymous_83)
FN:794,(anonymous_84)
FN:822,(anonymous_85)
FN:827,(anonymous_86)
FN:833,main
FN:838,(anonymous_88)
FNF:88
FNH:0
FNDA:0,(anonymous_1)
FNDA:0,(anonymous_2)
FNDA:0,(anonymous_3)
FNDA:0,(anonymous_4)
FNDA:0,(anonymous_5)
FNDA:0,(anonymous_6)
FNDA:0,(anonymous_7)
FNDA:0,(anonymous_8)
FNDA:0,(anonymous_9)
FNDA:0,(anonymous_10)
FNDA:0,(anonymous_11)
FNDA:0,(anonymous_12)
FNDA:0,(anonymous_13)
FNDA:0,(anonymous_14)
FNDA:0,(anonymous_15)
FNDA:0,(anonymous_16)
FNDA:0,(anonymous_17)
FNDA:0,(anonymous_18)
FNDA:0,(anonymous_19)
FNDA:0,(anonymous_20)
FNDA:0,(anonymous_21)
FNDA:0,(anonymous_22)
FNDA:0,(anonymous_23)
FNDA:0,(anonymous_24)
FNDA:0,(anonymous_25)
FNDA:0,(anonymous_26)
FNDA:0,(anonymous_27)
FNDA:0,(anonymous_28)
FNDA:0,(anonymous_29)
FNDA:0,(anonymous_30)
FNDA:0,(anonymous_31)
FNDA:0,(anonymous_32)
FNDA:0,(anonymous_33)
FNDA:0,(anonymous_34)
FNDA:0,(anonymous_35)
FNDA:0,(anonymous_36)
FNDA:0,(anonymous_37)
FNDA:0,(anonymous_38)
FNDA:0,(anonymous_39)
FNDA:0,(anonymous_40)
FNDA:0,(anonymous_41)
FNDA:0,(anonymous_42)
FNDA:0,(anonymous_43)
FNDA:0,(anonymous_44)
FNDA:0,(anonymous_45)
FNDA:0,(anonymous_46)
FNDA:0,(anonymous_47)
FNDA:0,(anonymous_48)
FNDA:0,(anonymous_49)
FNDA:0,(anonymous_50)
FNDA:0,(anonymous_51)
FNDA:0,(anonymous_52)
FNDA:0,(anonymous_53)
FNDA:0,(anonymous_54)
FNDA:0,(anonymous_55)
FNDA:0,(anonymous_56)
FNDA:0,(anonymous_57)
FNDA:0,(anonymous_58)
FNDA:0,(anonymous_59)
FNDA:0,(anonymous_60)
FNDA:0,(anonymous_61)
FNDA:0,(anonymous_62)
FNDA:0,(anonymous_63)
FNDA:0,(anonymous_64)
FNDA:0,(anonymous_65)
FNDA:0,(anonymous_66)
FNDA:0,(anonymous_67)
FNDA:0,(anonymous_68)
FNDA:0,(anonymous_69)
FNDA:0,(anonymous_70)
FNDA:0,(anonymous_71)
FNDA:0,(anonymous_72)
FNDA:0,(anonymous_73)
FNDA:0,(anonymous_74)
FNDA:0,(anonymous_75)
FNDA:0,(anonymous_76)
FNDA:0,(anonymous_77)
FNDA:0,(anonymous_78)
FNDA:0,(anonymous_79)
FNDA:0,(anonymous_80)
FNDA:0,(anonymous_81)
FNDA:0,(anonymous_82)
FNDA:0,(anonymous_83)
FNDA:0,(anonymous_84)
FNDA:0,(anonymous_85)
FNDA:0,(anonymous_86)
FNDA:0,main
FNDA:0,(anonymous_88)
DA:16,0
DA:17,0
DA:19,0
DA:22,0
DA:23,0
DA:24,0
DA:25,0
DA:26,0
DA:27,0
DA:28,0
DA:29,0
DA:30,0
DA:31,0
DA:32,0
DA:33,0
DA:40,0
DA:41,0
DA:42,0
DA:49,0
DA:50,0
DA:51,0
DA:52,0
DA:56,0
DA:57,0
DA:58,0
DA:59,0
DA:60,0
DA:62,0
DA:71,0
DA:72,0
DA:76,0
DA:77,0
DA:79,0
DA:83,0
DA:87,0
DA:92,0
DA:93,0
DA:96,0
DA:97,0
DA:101,0
DA:102,0
DA:103,0
DA:104,0
DA:106,0
DA:107,0
DA:112,0
DA:113,0
DA:114,0
DA:116,0
DA:117,0
DA:122,0
DA:123,0
DA:124,0
DA:126,0
DA:127,0
DA:132,0
DA:136,0
DA:140,0
DA:151,0
DA:152,0
DA:156,0
DA:157,0
DA:159,0
DA:163,0
DA:164,0
DA:166,0
DA:169,0
DA:170,0
DA:171,0
DA:174,0
DA:175,0
DA:176,0
DA:177,0
DA:179,0
DA:180,0
DA:185,0
DA:186,0
DA:187,0
DA:189,0
DA:190,0
DA:195,0
DA:199,0
DA:200,0
DA:201,0
DA:202,0
DA:204,0
DA:207,0
DA:211,0
DA:220,0
DA:221,0
DA:225,0
DA:226,0
DA:228,0
DA:232,0
DA:233,0
DA:235,0
DA:239,0
DA:243,0
DA:244,0
DA:245,0
DA:249,0
DA:253,0
DA:254,0
DA:255,0
DA:257,0
DA:260,0
DA:261,0
DA:262,0
DA:263,0
DA:265,0
DA:266,0
DA:271,0
DA:272,0
DA:273,0
DA:275,0
DA:276,0
DA:281,0
DA:282,0
DA:283,0
DA:287,0
DA:288,0
DA:289,0
DA:290,0
DA:292,0
DA:295,0
DA:299,0
DA:303,0
DA:304,0
DA:305,0
DA:315,0
DA:317,0
DA:318,0
DA:319,0
DA:322,0
DA:327,0
DA:328,0
DA:335,0
DA:336,0
DA:337,0
DA:338,0
DA:339,0
DA:340,0
DA:341,0
DA:343,0
DA:344,0
DA:345,0
DA:346,0
DA:348,0
DA:351,0
DA:352,0
DA:360,0
DA:361,0
DA:363,0
DA:364,0
DA:365,0
DA:367,0
DA:375,0
DA:376,0
DA:377,0
DA:378,0
DA:379,0
DA:380,0
DA:381,0
DA:382,0
DA:383,0
DA:384,0
DA:385,0
DA:386,0
DA:388,0
DA:396,0
DA:401,0
DA:428,0
DA:436,0
DA:438,0
DA:439,0
DA:440,0
DA:441,0
DA:443,0
DA:448,0
DA:449,0
DA:458,0
DA:466,0
DA:470,0
DA:471,0
DA:472,0
DA:474,0
DA:479,0
DA:480,0
DA:489,0
DA:497,0
DA:498,0
DA:500,0
DA:501,0
DA:502,0
DA:504,0
DA:506,0
DA:508,0
DA:512,0
DA:514,0
DA:519,0
DA:520,0
DA:521,0
DA:530,0
DA:538,0
DA:540,0
DA:541,0
DA:542,0
DA:543,0
DA:545,0
DA:547,0
DA:549,0
DA:551,0
DA:554,0
DA:557,0
DA:561,0
DA:565,0
DA:569,0
DA:570,0
DA:580,0
DA:585,0
DA:586,0
DA:587,0
DA:589,0
DA:630,0
DA:634,0
DA:641,0
DA:643,0
DA:644,0
DA:647,0
DA:648,0
DA:649,0
DA:651,0
DA:664,0
DA:671,0
DA:673,0
DA:674,0
DA:675,0
DA:676,0
DA:677,0
DA:678,0
DA:685,0
DA:694,0
DA:701,0
DA:702,0
DA:704,0
DA:705,0
DA:706,0
DA:707,0
DA:708,0
DA:712,0
DA:719,0
DA:720,0
DA:721,0
DA:723,0
DA:730,0
DA:731,0
DA:732,0
DA:734,0
DA:735,0
DA:736,0
DA:743,0
DA:745,0
DA:758,0
DA:770,0
DA:771,0
DA:772,0
DA:774,0
DA:775,0
DA:782,0
DA:783,0
DA:784,0
DA:785,0
DA:786,0
DA:788,0
DA:795,0
DA:796,0
DA:797,0
DA:799,0
DA:800,0
DA:801,0
DA:802,0
DA:803,0
DA:804,0
DA:805,0
DA:808,0
DA:809,0
DA:810,0
DA:819,0
DA:822,0
DA:823,0
DA:824,0
DA:827,0
DA:828,0
DA:829,0
DA:834,0
DA:838,0
DA:839,0
DA:840,0
LF:298
LH:0
BRDA:48,0,0,0
BRDA:48,1,0,0
BRDA:76,2,0,0
BRDA:76,3,0,0
BRDA:76,3,1,0
BRDA:87,4,0,0
BRDA:87,4,1,0
BRDA:87,5,0,0
BRDA:87,5,1,0
BRDA:96,6,0,0
BRDA:101,7,0,0
BRDA:112,8,0,0
BRDA:122,9,0,0
BRDA:124,10,0,0
BRDA:124,10,1,0
BRDA:132,11,0,0
BRDA:132,11,1,0
BRDA:136,12,0,0
BRDA:136,12,1,0
BRDA:140,13,0,0
BRDA:140,13,1,0
BRDA:156,14,0,0
BRDA:156,15,0,0
BRDA:156,15,1,0
BRDA:163,16,0,0
BRDA:163,17,0,0
BRDA:163,17,1,0
BRDA:174,18,0,0
BRDA:185,19,0,0
BRDA:195,20,0,0
BRDA:195,20,1,0
BRDA:199,21,0,0
BRDA:211,22,0,0
BRDA:211,22,1,0
BRDA:225,23,0,0
BRDA:225,24,0,0
BRDA:225,24,1,0
BRDA:232,25,0,0
BRDA:232,26,0,0
BRDA:232,26,1,0
BRDA:245,27,0,0
BRDA:245,27,1,0
BRDA:245,28,0,0
BRDA:245,28,1,0
BRDA:260,29,0,0
BRDA:271,30,0,0
BRDA:281,31,0,0
BRDA:282,32,0,0
BRDA:287,33,0,0
BRDA:299,34,0,0
BRDA:299,34,1,0
BRDA:303,35,0,0
BRDA:304,36,0,0
BRDA:363,37,0,0
BRDA:363,37,1,0
BRDA:363,38,0,0
BRDA:363,38,1,0
BRDA:445,39,0,0
BRDA:445,39,1,0
BRDA:446,40,0,0
BRDA:446,40,1,0
BRDA:466,41,0,0
BRDA:466,41,1,0
BRDA:477,42,0,0
BRDA:477,42,1,0
BRDA:498,43,0,0
BRDA:498,43,1,0
BRDA:498,43,2,0
BRDA:498,43,3,0
BRDA:500,44,0,0
BRDA:500,44,1,0
BRDA:501,45,0,0
BRDA:504,46,0,0
BRDA:504,46,1,0
BRDA:517,47,0,0
BRDA:517,47,1,0
BRDA:517,48,0,0
BRDA:517,48,1,0
BRDA:543,49,0,0
BRDA:543,49,1,0
BRDA:543,49,2,0
BRDA:543,49,3,0
BRDA:543,49,4,0
BRDA:543,49,5,0
BRDA:545,50,0,0
BRDA:545,50,1,0
BRDA:549,51,0,0
BRDA:549,51,1,0
BRDA:551,52,0,0
BRDA:551,52,1,0
BRDA:552,53,0,0
BRDA:552,53,1,0
BRDA:554,54,0,0
BRDA:554,54,1,0
BRDA:555,55,0,0
BRDA:555,55,1,0
BRDA:592,56,0,0
BRDA:592,56,1,0
BRDA:593,57,0,0
BRDA:593,57,1,0
BRDA:594,58,0,0
BRDA:594,58,1,0
BRDA:603,59,0,0
BRDA:603,59,1,0
BRDA:605,60,0,0
BRDA:605,60,1,0
BRDA:653,61,0,0
BRDA:653,61,1,0
BRDA:671,62,0,0
BRDA:671,62,1,0
BRDA:673,63,0,0
BRDA:674,64,0,0
BRDA:675,65,0,0
BRDA:676,66,0,0
BRDA:677,67,0,0
BRDA:694,68,0,0
BRDA:694,68,1,0
BRDA:707,69,0,0
BRDA:734,70,0,0
BRDA:735,71,0,0
BRDA:802,72,0,0
BRDA:802,72,1,0
BRF:122
BRH:0
end_of_record
TN:
SF:src\quantum-apisix-tiger-types-ultimate.ts
FN:48,(anonymous_1)
FN:55,(anonymous_2)
FN:70,(anonymous_3)
FN:75,(anonymous_4)
FN:82,(anonymous_5)
FN:86,(anonymous_6)
FN:92,(anonymous_7)
FN:93,(anonymous_8)
FN:95,(anonymous_9)
FN:100,(anonymous_10)
FN:111,(anonymous_11)
FN:121,(anonymous_12)
FN:131,(anonymous_13)
FN:135,(anonymous_14)
FN:139,(anonymous_15)
FN:150,(anonymous_16)
FN:155,(anonymous_17)
FN:162,(anonymous_18)
FN:169,(anonymous_19)
FN:170,(anonymous_20)
FN:171,(anonymous_21)
FN:173,(anonymous_22)
FN:184,(anonymous_23)
FN:194,(anonymous_24)
FN:198,(anonymous_25)
FN:210,(anonymous_26)
FN:219,(anonymous_27)
FN:224,(anonymous_28)
FN:231,(anonymous_29)
FN:238,(anonymous_30)
FN:242,(anonymous_31)
FN:253,(anonymous_32)
FN:254,(anonymous_33)
FN:255,(anonymous_34)
FN:257,(anonymous_35)
FN:259,(anonymous_36)
FN:270,(anonymous_37)
FN:280,(anonymous_38)
FN:286,(anonymous_39)
FN:298,(anonymous_40)
FN:302,(anonymous_41)
FN:344,(anonymous_42)
FN:357,(anonymous_43)
FN:382,(anonymous_44)
FN:397,(anonymous_45)
FN:417,(anonymous_46)
FN:423,(anonymous_47)
FN:455,(anonymous_48)
FN:459,(anonymous_49)
FN:460,(anonymous_50)
FN:461,(anonymous_51)
FN:468,(anonymous_52)
FN:469,(anonymous_53)
FN:482,(anonymous_54)
FN:488,(anonymous_55)
FN:489,(anonymous_56)
FN:496,(anonymous_57)
FN:497,(anonymous_58)
FN:510,(anonymous_59)
FN:511,(anonymous_60)
FN:526,(anonymous_61)
FN:533,(anonymous_62)
FN:534,(anonymous_63)
FN:535,(anonymous_64)
FN:548,(anonymous_65)
FN:552,(anonymous_66)
FN:553,(anonymous_67)
FN:580,(anonymous_68)
FN:581,(anonymous_69)
FN:595,(anonymous_70)
FN:596,(anonymous_71)
FN:598,(anonymous_72)
FN:651,(anonymous_73)
FN:654,(anonymous_74)
FN:658,(anonymous_75)
FN:681,(anonymous_76)
FN:695,(anonymous_77)
FN:711,(anonymous_78)
FN:729,(anonymous_79)
FN:740,(anonymous_80)
FN:753,(anonymous_81)
FN:780,(anonymous_82)
FN:792,(anonymous_83)
FN:805,(anonymous_84)
FN:833,(anonymous_85)
FN:838,(anonymous_86)
FN:844,main
FN:849,(anonymous_88)
FNF:88
FNH:0
FNDA:0,(anonymous_1)
FNDA:0,(anonymous_2)
FNDA:0,(anonymous_3)
FNDA:0,(anonymous_4)
FNDA:0,(anonymous_5)
FNDA:0,(anonymous_6)
FNDA:0,(anonymous_7)
FNDA:0,(anonymous_8)
FNDA:0,(anonymous_9)
FNDA:0,(anonymous_10)
FNDA:0,(anonymous_11)
FNDA:0,(anonymous_12)
FNDA:0,(anonymous_13)
FNDA:0,(anonymous_14)
FNDA:0,(anonymous_15)
FNDA:0,(anonymous_16)
FNDA:0,(anonymous_17)
FNDA:0,(anonymous_18)
FNDA:0,(anonymous_19)
FNDA:0,(anonymous_20)
FNDA:0,(anonymous_21)
FNDA:0,(anonymous_22)
FNDA:0,(anonymous_23)
FNDA:0,(anonymous_24)
FNDA:0,(anonymous_25)
FNDA:0,(anonymous_26)
FNDA:0,(anonymous_27)
FNDA:0,(anonymous_28)
FNDA:0,(anonymous_29)
FNDA:0,(anonymous_30)
FNDA:0,(anonymous_31)
FNDA:0,(anonymous_32)
FNDA:0,(anonymous_33)
FNDA:0,(anonymous_34)
FNDA:0,(anonymous_35)
FNDA:0,(anonymous_36)
FNDA:0,(anonymous_37)
FNDA:0,(anonymous_38)
FNDA:0,(anonymous_39)
FNDA:0,(anonymous_40)
FNDA:0,(anonymous_41)
FNDA:0,(anonymous_42)
FNDA:0,(anonymous_43)
FNDA:0,(anonymous_44)
FNDA:0,(anonymous_45)
FNDA:0,(anonymous_46)
FNDA:0,(anonymous_47)
FNDA:0,(anonymous_48)
FNDA:0,(anonymous_49)
FNDA:0,(anonymous_50)
FNDA:0,(anonymous_51)
FNDA:0,(anonymous_52)
FNDA:0,(anonymous_53)
FNDA:0,(anonymous_54)
FNDA:0,(anonymous_55)
FNDA:0,(anonymous_56)
FNDA:0,(anonymous_57)
FNDA:0,(anonymous_58)
FNDA:0,(anonymous_59)
FNDA:0,(anonymous_60)
FNDA:0,(anonymous_61)
FNDA:0,(anonymous_62)
FNDA:0,(anonymous_63)
FNDA:0,(anonymous_64)
FNDA:0,(anonymous_65)
FNDA:0,(anonymous_66)
FNDA:0,(anonymous_67)
FNDA:0,(anonymous_68)
FNDA:0,(anonymous_69)
FNDA:0,(anonymous_70)
FNDA:0,(anonymous_71)
FNDA:0,(anonymous_72)
FNDA:0,(anonymous_73)
FNDA:0,(anonymous_74)
FNDA:0,(anonymous_75)
FNDA:0,(anonymous_76)
FNDA:0,(anonymous_77)
FNDA:0,(anonymous_78)
FNDA:0,(anonymous_79)
FNDA:0,(anonymous_80)
FNDA:0,(anonymous_81)
FNDA:0,(anonymous_82)
FNDA:0,(anonymous_83)
FNDA:0,(anonymous_84)
FNDA:0,(anonymous_85)
FNDA:0,(anonymous_86)
FNDA:0,main
FNDA:0,(anonymous_88)
DA:16,0
DA:17,0
DA:19,0
DA:22,0
DA:23,0
DA:24,0
DA:25,0
DA:26,0
DA:27,0
DA:28,0
DA:29,0
DA:30,0
DA:31,0
DA:32,0
DA:33,0
DA:40,0
DA:41,0
DA:42,0
DA:49,0
DA:50,0
DA:51,0
DA:52,0
DA:56,0
DA:57,0
DA:58,0
DA:59,0
DA:60,0
DA:62,0
DA:71,0
DA:72,0
DA:76,0
DA:77,0
DA:79,0
DA:83,0
DA:87,0
DA:92,0
DA:93,0
DA:96,0
DA:97,0
DA:101,0
DA:102,0
DA:103,0
DA:104,0
DA:106,0
DA:107,0
DA:112,0
DA:113,0
DA:114,0
DA:116,0
DA:117,0
DA:122,0
DA:123,0
DA:124,0
DA:126,0
DA:127,0
DA:132,0
DA:136,0
DA:140,0
DA:151,0
DA:152,0
DA:156,0
DA:157,0
DA:159,0
DA:163,0
DA:164,0
DA:166,0
DA:169,0
DA:170,0
DA:171,0
DA:174,0
DA:175,0
DA:176,0
DA:177,0
DA:179,0
DA:180,0
DA:185,0
DA:186,0
DA:187,0
DA:189,0
DA:190,0
DA:195,0
DA:199,0
DA:200,0
DA:201,0
DA:202,0
DA:204,0
DA:207,0
DA:211,0
DA:220,0
DA:221,0
DA:225,0
DA:226,0
DA:228,0
DA:232,0
DA:233,0
DA:235,0
DA:239,0
DA:243,0
DA:244,0
DA:245,0
DA:249,0
DA:253,0
DA:254,0
DA:255,0
DA:257,0
DA:260,0
DA:261,0
DA:262,0
DA:263,0
DA:265,0
DA:266,0
DA:271,0
DA:272,0
DA:273,0
DA:275,0
DA:276,0
DA:281,0
DA:282,0
DA:283,0
DA:287,0
DA:288,0
DA:289,0
DA:290,0
DA:292,0
DA:295,0
DA:299,0
DA:303,0
DA:304,0
DA:305,0
DA:313,0
DA:338,0
DA:340,0
DA:341,0
DA:342,0
DA:345,0
DA:350,0
DA:351,0
DA:358,0
DA:359,0
DA:360,0
DA:361,0
DA:362,0
DA:363,0
DA:364,0
DA:366,0
DA:367,0
DA:368,0
DA:369,0
DA:371,0
DA:374,0
DA:375,0
DA:383,0
DA:384,0
DA:386,0
DA:387,0
DA:388,0
DA:390,0
DA:398,0
DA:399,0
DA:400,0
DA:401,0
DA:402,0
DA:403,0
DA:404,0
DA:405,0
DA:406,0
DA:407,0
DA:408,0
DA:409,0
DA:411,0
DA:419,0
DA:424,0
DA:451,0
DA:456,0
DA:458,0
DA:459,0
DA:460,0
DA:461,0
DA:463,0
DA:468,0
DA:469,0
DA:478,0
DA:483,0
DA:487,0
DA:488,0
DA:489,0
DA:491,0
DA:496,0
DA:497,0
DA:506,0
DA:511,0
DA:512,0
DA:514,0
DA:515,0
DA:516,0
DA:518,0
DA:520,0
DA:522,0
DA:526,0
DA:528,0
DA:533,0
DA:534,0
DA:535,0
DA:544,0
DA:549,0
DA:551,0
DA:552,0
DA:553,0
DA:554,0
DA:556,0
DA:558,0
DA:560,0
DA:562,0
DA:565,0
DA:568,0
DA:572,0
DA:576,0
DA:580,0
DA:581,0
DA:591,0
DA:596,0
DA:597,0
DA:598,0
DA:600,0
DA:641,0
DA:645,0
DA:652,0
DA:654,0
DA:655,0
DA:658,0
DA:659,0
DA:660,0
DA:662,0
DA:675,0
DA:682,0
DA:684,0
DA:685,0
DA:686,0
DA:687,0
DA:688,0
DA:689,0
DA:696,0
DA:705,0
DA:712,0
DA:713,0
DA:715,0
DA:716,0
DA:717,0
DA:718,0
DA:719,0
DA:723,0
DA:730,0
DA:731,0
DA:732,0
DA:734,0
DA:741,0
DA:742,0
DA:743,0
DA:745,0
DA:746,0
DA:747,0
DA:754,0
DA:756,0
DA:769,0
DA:781,0
DA:782,0
DA:783,0
DA:785,0
DA:786,0
DA:793,0
DA:794,0
DA:795,0
DA:796,0
DA:797,0
DA:799,0
DA:806,0
DA:807,0
DA:808,0
DA:810,0
DA:811,0
DA:812,0
DA:813,0
DA:814,0
DA:815,0
DA:816,0
DA:819,0
DA:820,0
DA:821,0
DA:830,0
DA:833,0
DA:834,0
DA:835,0
DA:838,0
DA:839,0
DA:840,0
DA:845,0
DA:849,0
DA:850,0
DA:851,0
LF:299
LH:0
BRDA:48,0,0,0
BRDA:48,1,0,0
BRDA:76,2,0,0
BRDA:76,3,0,0
BRDA:76,3,1,0
BRDA:87,4,0,0
BRDA:87,4,1,0
BRDA:87,5,0,0
BRDA:87,5,1,0
BRDA:96,6,0,0
BRDA:101,7,0,0
BRDA:112,8,0,0
BRDA:122,9,0,0
BRDA:124,10,0,0
BRDA:124,10,1,0
BRDA:132,11,0,0
BRDA:132,11,1,0
BRDA:136,12,0,0
BRDA:136,12,1,0
BRDA:140,13,0,0
BRDA:140,13,1,0
BRDA:156,14,0,0
BRDA:156,15,0,0
BRDA:156,15,1,0
BRDA:163,16,0,0
BRDA:163,17,0,0
BRDA:163,17,1,0
BRDA:174,18,0,0
BRDA:185,19,0,0
BRDA:195,20,0,0
BRDA:195,20,1,0
BRDA:199,21,0,0
BRDA:211,22,0,0
BRDA:211,22,1,0
BRDA:225,23,0,0
BRDA:225,24,0,0
BRDA:225,24,1,0
BRDA:232,25,0,0
BRDA:232,26,0,0
BRDA:232,26,1,0
BRDA:245,27,0,0
BRDA:245,27,1,0
BRDA:245,28,0,0
BRDA:245,28,1,0
BRDA:260,29,0,0
BRDA:271,30,0,0
BRDA:281,31,0,0
BRDA:282,32,0,0
BRDA:287,33,0,0
BRDA:299,34,0,0
BRDA:299,34,1,0
BRDA:303,35,0,0
BRDA:304,36,0,0
BRDA:386,37,0,0
BRDA:386,37,1,0
BRDA:386,38,0,0
BRDA:386,38,1,0
BRDA:465,39,0,0
BRDA:465,39,1,0
BRDA:466,40,0,0
BRDA:466,40,1,0
BRDA:483,41,0,0
BRDA:483,41,1,0
BRDA:494,42,0,0
BRDA:494,42,1,0
BRDA:512,43,0,0
BRDA:512,43,1,0
BRDA:512,43,2,0
BRDA:512,43,3,0
BRDA:514,44,0,0
BRDA:514,44,1,0
BRDA:515,45,0,0
BRDA:518,46,0,0
BRDA:518,46,1,0
BRDA:531,47,0,0
BRDA:531,47,1,0
BRDA:531,48,0,0
BRDA:531,48,1,0
BRDA:534,49,0,0
BRDA:534,49,1,0
BRDA:554,50,0,0
BRDA:554,50,1,0
BRDA:554,50,2,0
BRDA:554,50,3,0
BRDA:554,50,4,0
BRDA:554,50,5,0
BRDA:556,51,0,0
BRDA:556,51,1,0
BRDA:560,52,0,0
BRDA:560,52,1,0
BRDA:562,53,0,0
BRDA:562,53,1,0
BRDA:563,54,0,0
BRDA:563,54,1,0
BRDA:565,55,0,0
BRDA:565,55,1,0
BRDA:566,56,0,0
BRDA:566,56,1,0
BRDA:603,57,0,0
BRDA:603,57,1,0
BRDA:604,58,0,0
BRDA:604,58,1,0
BRDA:605,59,0,0
BRDA:605,59,1,0
BRDA:614,60,0,0
BRDA:614,60,1,0
BRDA:616,61,0,0
BRDA:616,61,1,0
BRDA:664,62,0,0
BRDA:664,62,1,0
BRDA:682,63,0,0
BRDA:682,63,1,0
BRDA:684,64,0,0
BRDA:685,65,0,0
BRDA:686,66,0,0
BRDA:687,67,0,0
BRDA:688,68,0,0
BRDA:705,69,0,0
BRDA:705,69,1,0
BRDA:718,70,0,0
BRDA:745,71,0,0
BRDA:746,72,0,0
BRDA:813,73,0,0
BRDA:813,73,1,0
BRF:124
BRH:0
end_of_record
TN:
SF:src\quantum-apisix-vigoleonrocks-final.ts
FN:61,(anonymous_1)
FN:74,(anonymous_2)
FN:106,(anonymous_3)
FN:115,(anonymous_4)
FN:151,(anonymous_5)
FN:166,(anonymous_6)
FN:186,(anonymous_7)
FN:192,(anonymous_8)
FN:219,(anonymous_9)
FN:247,(anonymous_10)
FN:260,(anonymous_11)
FN:282,(anonymous_12)
FN:303,(anonymous_13)
FN:324,(anonymous_14)
FN:339,(anonymous_15)
FN:358,(anonymous_16)
FN:369,(anonymous_17)
FN:370,(anonymous_18)
FN:388,(anonymous_19)
FN:406,(anonymous_20)
FN:421,(anonymous_21)
FN:432,(anonymous_22)
FN:447,(anonymous_23)
FN:460,(anonymous_24)
FN:482,(anonymous_25)
FN:496,(anonymous_26)
FN:512,(anonymous_27)
FN:525,(anonymous_28)
FN:532,(anonymous_29)
FN:545,(anonymous_30)
FN:558,(anonymous_31)
FN:584,(anonymous_32)
FN:596,(anonymous_33)
FN:623,(anonymous_34)
FN:628,(anonymous_35)
FN:634,main
FN:639,(anonymous_37)
FNF:37
FNH:0
FNDA:0,(anonymous_1)
FNDA:0,(anonymous_2)
FNDA:0,(anonymous_3)
FNDA:0,(anonymous_4)
FNDA:0,(anonymous_5)
FNDA:0,(anonymous_6)
FNDA:0,(anonymous_7)
FNDA:0,(anonymous_8)
FNDA:0,(anonymous_9)
FNDA:0,(anonymous_10)
FNDA:0,(anonymous_11)
FNDA:0,(anonymous_12)
FNDA:0,(anonymous_13)
FNDA:0,(anonymous_14)
FNDA:0,(anonymous_15)
FNDA:0,(anonymous_16)
FNDA:0,(anonymous_17)
FNDA:0,(anonymous_18)
FNDA:0,(anonymous_19)
FNDA:0,(anonymous_20)
FNDA:0,(anonymous_21)
FNDA:0,(anonymous_22)
FNDA:0,(anonymous_23)
FNDA:0,(anonymous_24)
FNDA:0,(anonymous_25)
FNDA:0,(anonymous_26)
FNDA:0,(anonymous_27)
FNDA:0,(anonymous_28)
FNDA:0,(anonymous_29)
FNDA:0,(anonymous_30)
FNDA:0,(anonymous_31)
FNDA:0,(anonymous_32)
FNDA:0,(anonymous_33)
FNDA:0,(anonymous_34)
FNDA:0,(anonymous_35)
FNDA:0,main
FNDA:0,(anonymous_37)
DA:14,0
DA:15,0
DA:17,0
DA:20,0
DA:21,0
DA:22,0
DA:23,0
DA:24,0
DA:25,0
DA:26,0
DA:27,0
DA:28,0
DA:29,0
DA:30,0
DA:31,0
DA:34,0
DA:39,0
DA:44,0
DA:48,0
DA:55,0
DA:57,0
DA:58,0
DA:59,0
DA:62,0
DA:67,0
DA:68,0
DA:75,0
DA:76,0
DA:77,0
DA:78,0
DA:79,0
DA:80,0
DA:82,0
DA:84,0
DA:87,0
DA:90,0
DA:93,0
DA:95,0
DA:98,0
DA:99,0
DA:108,0
DA:116,0
DA:118,0
DA:119,0
DA:128,0
DA:129,0
DA:132,0
DA:133,0
DA:140,0
DA:145,0
DA:152,0
DA:153,0
DA:155,0
DA:156,0
DA:157,0
DA:159,0
DA:167,0
DA:168,0
DA:169,0
DA:170,0
DA:171,0
DA:172,0
DA:173,0
DA:174,0
DA:175,0
DA:176,0
DA:177,0
DA:178,0
DA:180,0
DA:188,0
DA:193,0
DA:215,0
DA:220,0
DA:221,0
DA:223,0
DA:224,0
DA:225,0
DA:228,0
DA:230,0
DA:243,0
DA:248,0
DA:249,0
DA:251,0
DA:256,0
DA:261,0
DA:262,0
DA:264,0
DA:278,0
DA:283,0
DA:285,0
DA:297,0
DA:304,0
DA:305,0
DA:307,0
DA:318,0
DA:325,0
DA:326,0
DA:327,0
DA:328,0
DA:329,0
DA:332,0
DA:333,0
DA:340,0
DA:341,0
DA:343,0
DA:344,0
DA:345,0
DA:346,0
DA:347,0
DA:349,0
DA:352,0
DA:359,0
DA:360,0
DA:361,0
DA:363,0
DA:370,0
DA:371,0
DA:372,0
DA:373,0
DA:375,0
DA:389,0
DA:390,0
DA:392,0
DA:393,0
DA:394,0
DA:395,0
DA:396,0
DA:400,0
DA:407,0
DA:409,0
DA:410,0
DA:411,0
DA:412,0
DA:414,0
DA:422,0
DA:423,0
DA:424,0
DA:425,0
DA:426,0
DA:433,0
DA:434,0
DA:435,0
DA:436,0
DA:437,0
DA:438,0
DA:440,0
DA:448,0
DA:461,0
DA:463,0
DA:464,0
DA:466,0
DA:483,0
DA:485,0
DA:486,0
DA:487,0
DA:488,0
DA:489,0
DA:490,0
DA:497,0
DA:506,0
DA:513,0
DA:526,0
DA:533,0
DA:534,0
DA:535,0
DA:536,0
DA:537,0
DA:539,0
DA:546,0
DA:547,0
DA:548,0
DA:550,0
DA:551,0
DA:552,0
DA:559,0
DA:561,0
DA:573,0
DA:585,0
DA:586,0
DA:587,0
DA:589,0
DA:590,0
DA:597,0
DA:598,0
DA:599,0
DA:601,0
DA:602,0
DA:603,0
DA:604,0
DA:605,0
DA:606,0
DA:609,0
DA:610,0
DA:611,0
DA:620,0
DA:623,0
DA:624,0
DA:625,0
DA:628,0
DA:629,0
DA:630,0
DA:635,0
DA:639,0
DA:640,0
DA:641,0
LF:205
LH:0
BRDA:116,0,0,0
BRDA:116,0,1,0
BRDA:128,1,0,0
BRDA:155,2,0,0
BRDA:155,2,1,0
BRDA:155,3,0,0
BRDA:155,3,1,0
BRDA:221,4,0,0
BRDA:221,4,1,0
BRDA:380,5,0,0
BRDA:380,5,1,0
BRDA:380,6,0,0
BRDA:380,6,1,0
BRDA:395,7,0,0
BRDA:409,8,0,0
BRDA:409,8,1,0
BRDA:411,9,0,0
BRDA:411,9,1,0
BRDA:422,10,0,0
BRDA:423,11,0,0
BRDA:424,12,0,0
BRDA:425,13,0,0
BRDA:433,14,0,0
BRDA:433,14,1,0
BRDA:435,15,0,0
BRDA:435,15,1,0
BRDA:437,16,0,0
BRDA:437,16,1,0
BRDA:450,17,0,0
BRDA:450,17,1,0
BRDA:468,18,0,0
BRDA:468,18,1,0
BRDA:470,19,0,0
BRDA:470,19,1,0
BRDA:483,20,0,0
BRDA:483,20,1,0
BRDA:485,21,0,0
BRDA:486,22,0,0
BRDA:487,23,0,0
BRDA:488,24,0,0
BRDA:489,25,0,0
BRDA:506,26,0,0
BRDA:506,26,1,0
BRDA:550,27,0,0
BRDA:551,28,0,0
BRDA:604,29,0,0
BRDA:604,29,1,0
BRF:47
BRH:0
end_of_record
TN:
SF:src\quantum-apisix-vigoleonrocks-perfect.ts
FN:45,(anonymous_1)
FN:59,(anonymous_2)
FN:67,(anonymous_3)
FN:73,(anonymous_4)
FN:88,(anonymous_5)
FN:97,(anonymous_6)
FN:101,(anonymous_7)
FN:114,(anonymous_8)
FN:148,(anonymous_9)
FN:157,(anonymous_10)
FN:161,(anonymous_11)
FN:169,(anonymous_12)
FNF:12
FNH:0
FNDA:0,(anonymous_1)
FNDA:0,(anonymous_2)
FNDA:0,(anonymous_3)
FNDA:0,(anonymous_4)
FNDA:0,(anonymous_5)
FNDA:0,(anonymous_6)
FNDA:0,(anonymous_7)
FNDA:0,(anonymous_8)
FNDA:0,(anonymous_9)
FNDA:0,(anonymous_10)
FNDA:0,(anonymous_11)
FNDA:0,(anonymous_12)
DA:7,0
DA:8,0
DA:10,0
DA:13,0
DA:14,0
DA:15,0
DA:16,0
DA:17,0
DA:18,0
DA:19,0
DA:20,0
DA:21,0
DA:22,0
DA:23,0
DA:24,0
DA:27,0
DA:28,0
DA:46,0
DA:53,0
DA:60,0
DA:64,0
DA:68,0
DA:69,0
DA:70,0
DA:74,0
DA:75,0
DA:76,0
DA:77,0
DA:78,0
DA:79,0
DA:80,0
DA:81,0
DA:82,0
DA:83,0
DA:84,0
DA:85,0
DA:90,0
DA:97,0
DA:102,0
DA:104,0
DA:105,0
DA:106,0
DA:108,0
DA:109,0
DA:110,0
DA:115,0
DA:117,0
DA:126,0
DA:134,0
DA:144,0
DA:149,0
DA:150,0
DA:151,0
DA:152,0
DA:154,0
DA:158,0
DA:162,0
DA:170,0
DA:171,0
DA:172,0
DA:173,0
DA:175,0
DA:176,0
DA:182,0
DA:183,0
LF:65
LH:0
BRDA:115,0,0,0
BRDA:115,0,1,0
BRDA:115,0,2,0
BRDA:115,0,3,0
BRDA:120,1,0,0
BRDA:120,1,1,0
BRDA:165,2,0,0
BRDA:165,2,1,0
BRF:8
BRH:0
end_of_record
TN:
SF:src\quantum-apisix-vigoleonrocks-ultimate-enhanced.ts
FN:32,(anonymous_1)
FN:41,(anonymous_2)
FN:47,(anonymous_3)
FN:51,(anonymous_4)
FN:55,(anonymous_5)
FN:59,(anonymous_6)
FN:72,(anonymous_7)
FN:81,(anonymous_8)
FN:93,(anonymous_9)
FN:108,(anonymous_10)
FN:117,(anonymous_11)
FN:127,(anonymous_12)
FN:140,(anonymous_13)
FN:153,(anonymous_14)
FN:168,(anonymous_15)
FN:173,(anonymous_16)
FN:178,(anonymous_17)
FN:188,(anonymous_18)
FN:198,(anonymous_19)
FN:207,(anonymous_20)
FN:223,(anonymous_21)
FNF:21
FNH:0
FNDA:0,(anonymous_1)
FNDA:0,(anonymous_2)
FNDA:0,(anonymous_3)
FNDA:0,(anonymous_4)
FNDA:0,(anonymous_5)
FNDA:0,(anonymous_6)
FNDA:0,(anonymous_7)
FNDA:0,(anonymous_8)
FNDA:0,(anonymous_9)
FNDA:0,(anonymous_10)
FNDA:0,(anonymous_11)
FNDA:0,(anonymous_12)
FNDA:0,(anonymous_13)
FNDA:0,(anonymous_14)
FNDA:0,(anonymous_15)
FNDA:0,(anonymous_16)
FNDA:0,(anonymous_17)
FNDA:0,(anonymous_18)
FNDA:0,(anonymous_19)
FNDA:0,(anonymous_20)
FNDA:0,(anonymous_21)
DA:7,0
DA:8,0
DA:10,0
DA:13,0
DA:14,0
DA:15,0
DA:16,0
DA:17,0
DA:18,0
DA:19,0
DA:20,0
DA:21,0
DA:22,0
DA:23,0
DA:24,0
DA:27,0
DA:28,0
DA:33,0
DA:34,0
DA:35,0
DA:42,0
DA:43,0
DA:44,0
DA:48,0
DA:52,0
DA:56,0
DA:60,0
DA:66,0
DA:73,0
DA:78,0
DA:82,0
DA:84,0
DA:85,0
DA:86,0
DA:87,0
DA:89,0
DA:94,0
DA:95,0
DA:96,0
DA:97,0
DA:98,0
DA:99,0
DA:100,0
DA:101,0
DA:102,0
DA:103,0
DA:104,0
DA:105,0
DA:110,0
DA:118,0
DA:123,0
DA:128,0
DA:135,0
DA:141,0
DA:143,0
DA:144,0
DA:145,0
DA:147,0
DA:148,0
DA:149,0
DA:154,0
DA:156,0
DA:158,0
DA:160,0
DA:162,0
DA:164,0
DA:169,0
DA:170,0
DA:174,0
DA:175,0
DA:179,0
DA:189,0
DA:199,0
DA:200,0
DA:201,0
DA:202,0
DA:204,0
DA:208,0
DA:224,0
DA:225,0
DA:226,0
DA:227,0
DA:229,0
DA:230,0
DA:236,0
DA:237,0
LF:86
LH:0
BRDA:56,0,0,0
BRDA:56,0,1,0
BRDA:60,1,0,0
BRDA:60,1,1,0
BRDA:118,2,0,0
BRDA:118,2,1,0
BRDA:154,3,0,0
BRDA:154,3,1,0
BRDA:154,3,2,0
BRDA:154,3,3,0
BRDA:154,3,4,0
BRDA:156,4,0,0
BRDA:156,4,1,0
BRDA:158,5,0,0
BRDA:158,5,1,0
BRDA:158,6,0,0
BRDA:158,6,1,0
BRDA:191,7,0,0
BRDA:191,7,1,0
BRF:19
BRH:0
end_of_record
TN:
SF:src\quantum-apisix-vigoleonrocks-ultimate.ts
FN:65,(anonymous_1)
FN:78,(anonymous_2)
FN:107,(anonymous_3)
FN:122,(anonymous_4)
FN:142,(anonymous_5)
FN:148,(anonymous_6)
FN:176,(anonymous_7)
FN:204,(anonymous_8)
FN:217,(anonymous_9)
FN:239,(anonymous_10)
FN:258,(anonymous_11)
FN:278,(anonymous_12)
FN:311,(anonymous_13)
FN:326,(anonymous_14)
FN:345,(anonymous_15)
FN:356,(anonymous_16)
FN:357,(anonymous_17)
FN:375,(anonymous_18)
FN:393,(anonymous_19)
FN:408,(anonymous_20)
FN:419,(anonymous_21)
FN:434,(anonymous_22)
FN:447,(anonymous_23)
FN:469,(anonymous_24)
FN:483,(anonymous_25)
FN:499,(anonymous_26)
FN:512,(anonymous_27)
FN:519,(anonymous_28)
FN:532,(anonymous_29)
FN:545,(anonymous_30)
FN:571,(anonymous_31)
FN:583,(anonymous_32)
FN:610,(anonymous_33)
FN:615,(anonymous_34)
FN:621,main
FN:626,(anonymous_36)
FNF:36
FNH:0
FNDA:0,(anonymous_1)
FNDA:0,(anonymous_2)
FNDA:0,(anonymous_3)
FNDA:0,(anonymous_4)
FNDA:0,(anonymous_5)
FNDA:0,(anonymous_6)
FNDA:0,(anonymous_7)
FNDA:0,(anonymous_8)
FNDA:0,(anonymous_9)
FNDA:0,(anonymous_10)
FNDA:0,(anonymous_11)
FNDA:0,(anonymous_12)
FNDA:0,(anonymous_13)
FNDA:0,(anonymous_14)
FNDA:0,(anonymous_15)
FNDA:0,(anonymous_16)
FNDA:0,(anonymous_17)
FNDA:0,(anonymous_18)
FNDA:0,(anonymous_19)
FNDA:0,(anonymous_20)
FNDA:0,(anonymous_21)
FNDA:0,(anonymous_22)
FNDA:0,(anonymous_23)
FNDA:0,(anonymous_24)
FNDA:0,(anonymous_25)
FNDA:0,(anonymous_26)
FNDA:0,(anonymous_27)
FNDA:0,(anonymous_28)
FNDA:0,(anonymous_29)
FNDA:0,(anonymous_30)
FNDA:0,(anonymous_31)
FNDA:0,(anonymous_32)
FNDA:0,(anonymous_33)
FNDA:0,(anonymous_34)
FNDA:0,main
FNDA:0,(anonymous_36)
DA:14,0
DA:15,0
DA:17,0
DA:20,0
DA:21,0
DA:22,0
DA:23,0
DA:24,0
DA:25,0
DA:26,0
DA:27,0
DA:28,0
DA:29,0
DA:30,0
DA:31,0
DA:34,0
DA:39,0
DA:44,0
DA:48,0
DA:53,0
DA:59,0
DA:61,0
DA:62,0
DA:63,0
DA:66,0
DA:71,0
DA:72,0
DA:79,0
DA:80,0
DA:81,0
DA:82,0
DA:83,0
DA:84,0
DA:86,0
DA:88,0
DA:91,0
DA:94,0
DA:96,0
DA:99,0
DA:100,0
DA:108,0
DA:109,0
DA:111,0
DA:112,0
DA:113,0
DA:115,0
DA:123,0
DA:124,0
DA:125,0
DA:126,0
DA:127,0
DA:128,0
DA:129,0
DA:130,0
DA:131,0
DA:132,0
DA:133,0
DA:134,0
DA:136,0
DA:144,0
DA:149,0
DA:172,0
DA:177,0
DA:178,0
DA:180,0
DA:181,0
DA:182,0
DA:185,0
DA:187,0
DA:200,0
DA:205,0
DA:206,0
DA:208,0
DA:213,0
DA:218,0
DA:219,0
DA:221,0
DA:235,0
DA:240,0
DA:242,0
DA:254,0
DA:259,0
DA:260,0
DA:262,0
DA:274,0
DA:279,0
DA:301,0
DA:305,0
DA:312,0
DA:313,0
DA:314,0
DA:315,0
DA:316,0
DA:319,0
DA:320,0
DA:327,0
DA:328,0
DA:330,0
DA:331,0
DA:332,0
DA:333,0
DA:334,0
DA:336,0
DA:339,0
DA:346,0
DA:347,0
DA:348,0
DA:350,0
DA:357,0
DA:358,0
DA:359,0
DA:360,0
DA:362,0
DA:376,0
DA:377,0
DA:379,0
DA:380,0
DA:381,0
DA:382,0
DA:383,0
DA:387,0
DA:394,0
DA:396,0
DA:397,0
DA:398,0
DA:399,0
DA:401,0
DA:409,0
DA:410,0
DA:411,0
DA:412,0
DA:413,0
DA:420,0
DA:421,0
DA:422,0
DA:423,0
DA:424,0
DA:425,0
DA:427,0
DA:435,0
DA:448,0
DA:450,0
DA:451,0
DA:453,0
DA:470,0
DA:472,0
DA:473,0
DA:474,0
DA:475,0
DA:476,0
DA:477,0
DA:484,0
DA:493,0
DA:500,0
DA:513,0
DA:520,0
DA:521,0
DA:522,0
DA:523,0
DA:524,0
DA:526,0
DA:533,0
DA:534,0
DA:535,0
DA:537,0
DA:538,0
DA:539,0
DA:546,0
DA:548,0
DA:560,0
DA:572,0
DA:573,0
DA:574,0
DA:576,0
DA:577,0
DA:584,0
DA:585,0
DA:586,0
DA:588,0
DA:589,0
DA:590,0
DA:591,0
DA:592,0
DA:593,0
DA:596,0
DA:597,0
DA:598,0
DA:607,0
DA:610,0
DA:611,0
DA:612,0
DA:615,0
DA:616,0
DA:617,0
DA:622,0
DA:626,0
DA:627,0
DA:628,0
LF:198
LH:0
BRDA:111,0,0,0
BRDA:111,0,1,0
BRDA:111,1,0,0
BRDA:111,1,1,0
BRDA:178,2,0,0
BRDA:178,2,1,0
BRDA:282,3,0,0
BRDA:282,3,1,0
BRDA:284,4,0,0
BRDA:284,4,1,0
BRDA:367,5,0,0
BRDA:367,5,1,0
BRDA:367,6,0,0
BRDA:367,6,1,0
BRDA:382,7,0,0
BRDA:396,8,0,0
BRDA:396,8,1,0
BRDA:398,9,0,0
BRDA:398,9,1,0
BRDA:409,10,0,0
BRDA:410,11,0,0
BRDA:411,12,0,0
BRDA:412,13,0,0
BRDA:420,14,0,0
BRDA:420,14,1,0
BRDA:422,15,0,0
BRDA:422,15,1,0
BRDA:424,16,0,0
BRDA:424,16,1,0
BRDA:437,17,0,0
BRDA:437,17,1,0
BRDA:455,18,0,0
BRDA:455,18,1,0
BRDA:457,19,0,0
BRDA:457,19,1,0
BRDA:470,20,0,0
BRDA:470,20,1,0
BRDA:472,21,0,0
BRDA:473,22,0,0
BRDA:474,23,0,0
BRDA:475,24,0,0
BRDA:476,25,0,0
BRDA:493,26,0,0
BRDA:493,26,1,0
BRDA:537,27,0,0
BRDA:538,28,0,0
BRDA:591,29,0,0
BRDA:591,29,1,0
BRF:48
BRH:0
end_of_record
TN:
SF:src\quantum-apisix-vigoleonrocks.ts
FN:46,(anonymous_1)
FN:63,(anonymous_2)
FN:92,(anonymous_3)
FN:113,(anonymous_4)
FN:119,(anonymous_5)
FN:142,(anonymous_6)
FN:167,(anonymous_7)
FN:182,(anonymous_8)
FN:202,(anonymous_9)
FN:223,(anonymous_10)
FN:248,(anonymous_11)
FN:266,(anonymous_12)
FN:288,(anonymous_13)
FN:308,(anonymous_14)
FN:315,(anonymous_15)
FN:321,main
FN:326,(anonymous_17)
FNF:17
FNH:0
FNDA:0,(anonymous_1)
FNDA:0,(anonymous_2)
FNDA:0,(anonymous_3)
FNDA:0,(anonymous_4)
FNDA:0,(anonymous_5)
FNDA:0,(anonymous_6)
FNDA:0,(anonymous_7)
FNDA:0,(anonymous_8)
FNDA:0,(anonymous_9)
FNDA:0,(anonymous_10)
FNDA:0,(anonymous_11)
FNDA:0,(anonymous_12)
FNDA:0,(anonymous_13)
FNDA:0,(anonymous_14)
FNDA:0,(anonymous_15)
FNDA:0,main
FNDA:0,(anonymous_17)
DA:14,0
DA:15,0
DA:19,0
DA:20,0
DA:21,0
DA:22,0
DA:23,0
DA:24,0
DA:25,0
DA:26,0
DA:27,0
DA:28,0
DA:29,0
DA:30,0
DA:33,0
DA:34,0
DA:35,0
DA:39,0
DA:41,0
DA:47,0
DA:52,0
DA:53,0
DA:54,0
DA:55,0
DA:57,0
DA:64,0
DA:65,0
DA:66,0
DA:67,0
DA:68,0
DA:69,0
DA:71,0
DA:73,0
DA:76,0
DA:79,0
DA:81,0
DA:84,0
DA:85,0
DA:94,0
DA:95,0
DA:96,0
DA:97,0
DA:98,0
DA:99,0
DA:100,0
DA:101,0
DA:102,0
DA:103,0
DA:104,0
DA:105,0
DA:107,0
DA:115,0
DA:120,0
DA:135,0
DA:143,0
DA:144,0
DA:145,0
DA:146,0
DA:149,0
DA:160,0
DA:168,0
DA:169,0
DA:171,0
DA:176,0
DA:183,0
DA:185,0
DA:195,0
DA:203,0
DA:204,0
DA:206,0
DA:217,0
DA:224,0
DA:226,0
DA:237,0
DA:249,0
DA:250,0
DA:251,0
DA:253,0
DA:254,0
DA:255,0
DA:256,0
DA:257,0
DA:260,0
DA:267,0
DA:268,0
DA:269,0
DA:271,0
DA:272,0
DA:273,0
DA:274,0
DA:275,0
DA:276,0
DA:279,0
DA:280,0
DA:281,0
DA:289,0
DA:305,0
DA:308,0
DA:309,0
DA:310,0
DA:311,0
DA:312,0
DA:315,0
DA:316,0
DA:317,0
DA:322,0
DA:326,0
DA:327,0
DA:329,0
DA:330,0
DA:331,0
DA:332,0
DA:334,0
DA:337,0
DA:340,0
LF:115
LH:0
BRDA:144,0,0,0
BRDA:144,0,1,0
BRDA:212,1,0,0
BRDA:212,1,1,0
BRDA:212,2,0,0
BRDA:212,2,1,0
BRDA:274,3,0,0
BRDA:274,3,1,0
BRF:8
BRH:0
end_of_record
TN:
SF:src\schemas\common.ts
FNF:0
FNH:0
DA:1,0
DA:5,0
DA:18,0
DA:20,0
DA:25,0
DA:31,0
DA:39,0
DA:44,0
DA:49,0
DA:51,0
LF:10
LH:0
BRF:0
BRH:0
end_of_record
TN:
SF:src\schemas\consumer-group.ts
FNF:0
FNH:0
DA:1,0
DA:2,0
DA:3,0
DA:5,0
DA:17,0
DA:22,0
LF:6
LH:0
BRF:0
BRH:0
end_of_record
TN:
SF:src\schemas\consumer.ts
FNF:0
FNH:0
DA:1,0
DA:2,0
DA:3,0
DA:5,0
DA:16,0
DA:26,0
DA:28,0
DA:30,0
DA:34,0
DA:39,0
DA:44,0
LF:11
LH:0
BRF:0
BRH:0
end_of_record
TN:
SF:src\schemas\plugin.ts
FNF:0
FNH:0
DA:1,0
DA:2,0
DA:4,0
DA:10,0
DA:15,0
DA:19,0
DA:24,0
DA:28,0
DA:33,0
DA:38,0
DA:44,0
DA:49,0
LF:12
LH:0
BRF:0
BRH:0
end_of_record
TN:
SF:src\schemas\protos.ts
FNF:0
FNH:0
DA:1,0
DA:3,0
DA:7,0
LF:3
LH:0
BRF:0
BRH:0
end_of_record
TN:
SF:src\schemas\route.ts
FN:71,(anonymous_0)
FNF:1
FNH:0
FNDA:0,(anonymous_0)
DA:1,0
DA:2,0
DA:3,0
DA:4,0
DA:5,0
DA:7,0
DA:64,0
DA:69,0
DA:71,0
LF:9
LH:0
BRDA:71,0,0,0
BRDA:71,0,1,0
BRF:2
BRH:0
end_of_record
TN:
SF:src\schemas\secret.ts
FNF:0
FNH:0
DA:1,0
DA:2,0
DA:3,0
DA:5,0
DA:12,0
DA:20,0
DA:37,0
DA:44,0
DA:50,0
DA:52,0
DA:59,0
DA:65,0
DA:71,0
LF:13
LH:0
BRF:0
BRH:0
end_of_record
TN:
SF:src\schemas\service.ts
FN:38,(anonymous_0)
FNF:1
FNH:0
FNDA:0,(anonymous_0)
DA:1,0
DA:2,0
DA:3,0
DA:4,0
DA:6,0
DA:31,0
DA:36,0
DA:38,0
LF:8
LH:0
BRDA:38,0,0,0
BRDA:38,0,1,0
BRF:2
BRH:0
end_of_record
TN:
SF:src\schemas\ssl.ts
FNF:0
FNH:0
DA:1,0
DA:2,0
DA:3,0
DA:4,0
DA:29,0
DA:34,0
LF:6
LH:0
BRF:0
BRH:0
end_of_record
TN:
SF:src\schemas\stream-route.ts
FNF:0
FNH:0
DA:1,0
DA:2,0
DA:3,0
DA:6,0
DA:8,0
DA:10,0
DA:17,0
DA:26,0
DA:36,0
DA:52,0
LF:10
LH:0
BRF:0
BRH:0
end_of_record
TN:
SF:src\schemas\upstream.ts
FNF:0
FNH:0
DA:1,0
DA:2,0
DA:4,0
DA:68,0
DA:70,0
LF:5
LH:0
BRF:0
BRH:0
end_of_record
TN:
SF:src\tools\common.ts
FN:16,(anonymous_1)
FN:17,(anonymous_2)
FN:35,(anonymous_3)
FN:39,(anonymous_4)
FN:40,(anonymous_5)
FN:83,(anonymous_6)
FN:86,(anonymous_7)
FN:93,(anonymous_8)
FN:98,(anonymous_9)
FN:99,(anonymous_10)
FN:109,(anonymous_11)
FN:110,(anonymous_12)
FNF:12
FNH:0
FNDA:0,(anonymous_1)
FNDA:0,(anonymous_2)
FNDA:0,(anonymous_3)
FNDA:0,(anonymous_4)
FNDA:0,(anonymous_5)
FNDA:0,(anonymous_6)
FNDA:0,(anonymous_7)
FNDA:0,(anonymous_8)
FNDA:0,(anonymous_9)
FNDA:0,(anonymous_10)
FNDA:0,(anonymous_11)
FNDA:0,(anonymous_12)
DA:1,0
DA:4,0
DA:6,0
DA:7,0
DA:16,0
DA:17,0
DA:18,0
DA:19,0
DA:21,0
DA:22,0
DA:23,0
DA:25,0
DA:26,0
DA:28,0
DA:29,0
DA:31,0
DA:35,0
DA:36,0
DA:39,0
DA:40,0
DA:41,0
DA:42,0
DA:50,0
DA:57,0
DA:58,0
DA:60,0
DA:65,0
DA:67,0
DA:74,0
DA:83,0
DA:84,0
DA:85,0
DA:86,0
DA:88,0
DA:92,0
DA:93,0
DA:97,0
DA:98,0
DA:99,0
DA:100,0
DA:102,0
DA:109,0
DA:110,0
DA:118,0
LF:44
LH:0
BRDA:18,0,0,0
BRDA:18,0,1,0
BRDA:22,1,0,0
BRDA:25,2,0,0
BRDA:28,3,0,0
BRDA:58,4,0,0
BRDA:58,4,1,0
BRDA:62,5,0,0
BRDA:62,5,1,0
BRDA:63,6,0,0
BRDA:63,6,1,0
BRDA:65,7,0,0
BRDA:65,7,1,0
BRDA:70,8,0,0
BRDA:70,8,1,0
BRDA:76,9,0,0
BRDA:76,9,1,0
BRDA:77,10,0,0
BRDA:77,10,1,0
BRDA:84,11,0,0
BRDA:84,11,1,0
BRDA:85,12,0,0
BRDA:85,12,1,0
BRDA:109,13,0,0
BRDA:109,13,1,0
BRF:25
BRH:0
end_of_record
TN:
SF:src\tools\consumer-group.ts
FN:5,(anonymous_1)
FN:6,(anonymous_2)
FN:19,(anonymous_3)
FNF:3
FNH:0
FNDA:0,(anonymous_1)
FNDA:0,(anonymous_2)
FNDA:0,(anonymous_3)
DA:2,0
DA:3,0
DA:5,0
DA:6,0
DA:7,0
DA:8,0
DA:9,0
DA:11,0
DA:15,0
DA:20,0
DA:25,0
LF:11
LH:0
BRDA:8,0,0,0
BRDA:8,0,1,0
BRF:2
BRH:0
end_of_record
TN:
SF:src\tools\consumer.ts
FN:5,(anonymous_1)
FN:10,(anonymous_2)
FN:15,(anonymous_3)
FN:22,(anonymous_4)
FN:26,(anonymous_5)
FNF:5
FNH:0
FNDA:0,(anonymous_1)
FNDA:0,(anonymous_2)
FNDA:0,(anonymous_3)
FNDA:0,(anonymous_4)
FNDA:0,(anonymous_5)
DA:2,0
DA:3,0
DA:5,0
DA:6,0
DA:11,0
DA:15,0
DA:16,0
DA:17,0
DA:19,0
DA:22,0
DA:23,0
DA:26,0
DA:27,0
DA:31,0
LF:14
LH:0
BRDA:16,0,0,0
BRF:1
BRH:0
end_of_record
TN:
SF:src\tools\global-rule.ts
FN:5,(anonymous_1)
FN:6,(anonymous_2)
FN:10,(anonymous_3)
FNF:3
FNH:0
FNDA:0,(anonymous_1)
FNDA:0,(anonymous_2)
FNDA:0,(anonymous_3)
DA:2,0
DA:3,0
DA:5,0
DA:6,0
DA:7,0
DA:10,0
DA:11,0
DA:15,0
LF:8
LH:0
BRF:0
BRH:0
end_of_record
TN:
SF:src\tools\plugin.ts
FN:12,(anonymous_1)
FN:13,(anonymous_2)
FN:21,(anonymous_3)
FN:34,(anonymous_4)
FN:38,(anonymous_5)
FN:42,(anonymous_6)
FN:50,(anonymous_7)
FN:55,(anonymous_8)
FNF:8
FNH:0
FNDA:0,(anonymous_1)
FNDA:0,(anonymous_2)
FNDA:0,(anonymous_3)
FNDA:0,(anonymous_4)
FNDA:0,(anonymous_5)
FNDA:0,(anonymous_6)
FNDA:0,(anonymous_7)
FNDA:0,(anonymous_8)
DA:2,0
DA:3,0
DA:12,0
DA:13,0
DA:14,0
DA:17,0
DA:22,0
DA:23,0
DA:24,0
DA:26,0
DA:27,0
DA:29,0
DA:34,0
DA:35,0
DA:38,0
DA:39,0
DA:42,0
DA:43,0
DA:46,0
DA:51,0
DA:55,0
DA:56,0
DA:60,0
LF:23
LH:0
BRDA:23,0,0,0
BRDA:26,1,0,0
BRDA:26,1,1,0
BRF:3
BRH:0
end_of_record
TN:
SF:src\tools\proto.ts
FN:5,(anonymous_1)
FN:6,(anonymous_2)
FNF:2
FNH:0
FNDA:0,(anonymous_1)
FNDA:0,(anonymous_2)
DA:2,0
DA:3,0
DA:5,0
DA:6,0
DA:7,0
DA:8,0
DA:9,0
DA:11,0
DA:16,0
LF:9
LH:0
BRDA:8,0,0,0
BRDA:8,0,1,0
BRF:2
BRH:0
end_of_record
TN:
SF:src\tools\quantum-bitcoin-vigoleonrocks.ts
FN:9,setupQuantumBitcoinTools
FN:17,(anonymous_1)
FNF:2
FNH:0
FNDA:0,setupQuantumBitcoinTools
FNDA:0,(anonymous_1)
DA:9,0
DA:11,0
DA:18,0
DA:20,0
DA:38,0
LF:5
LH:0
BRF:0
BRH:0
end_of_record
TN:
SF:src\tools\quantum-consciousness-vigoleonrocks.ts
FN:9,setupQuantumConsciousnessTools
FN:15,(anonymous_1)
FNF:2
FNH:0
FNDA:0,setupQuantumConsciousnessTools
FNDA:0,(anonymous_1)
DA:9,0
DA:11,0
DA:16,0
DA:17,0
DA:19,0
DA:33,0
LF:6
LH:0
BRF:0
BRH:0
end_of_record
TN:
SF:src\tools\quantum-evolution-vigoleonrocks.ts
FN:9,setupQuantumEvolutionTools
FN:17,(anonymous_1)
FNF:2
FNH:0
FNDA:0,setupQuantumEvolutionTools
FNDA:0,(anonymous_1)
DA:9,0
DA:11,0
DA:18,0
DA:19,0
DA:21,0
DA:42,0
LF:6
LH:0
BRF:0
BRH:0
end_of_record
TN:
SF:src\tools\quantum-frequency-vigoleonrocks.ts
FN:10,setupQuantumFrequencyTools
FN:18,(anonymous_1)
FNF:2
FNH:0
FNDA:0,setupQuantumFrequencyTools
FNDA:0,(anonymous_1)
DA:10,0
DA:12,0
DA:19,0
DA:20,0
DA:21,0
DA:23,0
DA:40,0
LF:7
LH:0
BRDA:32,0,0,0
BRDA:32,0,1,0
BRF:2
BRH:0
end_of_record
TN:
SF:src\tools\quantum-orchestration-vigoleonrocks.ts
FN:9,setupQuantumOrchestrationTools
FN:17,(anonymous_1)
FNF:2
FNH:0
FNDA:0,setupQuantumOrchestrationTools
FNDA:0,(anonymous_1)
DA:9,0
DA:11,0
DA:18,0
DA:20,0
DA:39,0
LF:5
LH:0
BRDA:25,0,0,0
BRDA:25,0,1,0
BRF:2
BRH:0
end_of_record
TN:
SF:src\tools\quantum-supabase-vigoleonrocks.ts
FN:10,setupQuantumSupabaseTools
FN:16,(anonymous_1)
FNF:2
FNH:0
FNDA:0,setupQuantumSupabaseTools
FNDA:0,(anonymous_1)
DA:10,0
DA:12,0
DA:17,0
DA:18,0
DA:20,0
DA:37,0
LF:6
LH:0
BRF:0
BRH:0
end_of_record
TN:
SF:src\tools\route.ts
FN:5,(anonymous_1)
FN:6,(anonymous_2)
FN:16,(anonymous_3)
FNF:3
FNH:0
FNDA:0,(anonymous_1)
FNDA:0,(anonymous_2)
FNDA:0,(anonymous_3)
DA:2,0
DA:3,0
DA:5,0
DA:6,0
DA:7,0
DA:9,0
DA:10,0
DA:12,0
DA:16,0
DA:17,0
DA:21,0
LF:11
LH:0
BRDA:9,0,0,0
BRDA:9,0,1,0
BRF:2
BRH:0
end_of_record
TN:
SF:src\tools\secret.ts
FN:5,(anonymous_1)
FN:6,(anonymous_2)
FN:16,(anonymous_3)
FN:26,(anonymous_4)
FN:30,(anonymous_5)
FNF:5
FNH:0
FNDA:0,(anonymous_1)
FNDA:0,(anonymous_2)
FNDA:0,(anonymous_3)
FNDA:0,(anonymous_4)
FNDA:0,(anonymous_5)
DA:2,0
DA:3,0
DA:5,0
DA:6,0
DA:7,0
DA:8,0
DA:10,0
DA:12,0
DA:16,0
DA:17,0
DA:19,0
DA:20,0
DA:22,0
DA:26,0
DA:27,0
DA:30,0
DA:31,0
DA:35,0
LF:18
LH:0
BRDA:7,0,0,0
BRDA:7,0,1,0
BRDA:19,1,0,0
BRDA:19,1,1,0
BRF:4
BRH:0
end_of_record
TN:
SF:src\tools\service.ts
FN:5,(anonymous_1)
FN:6,(anonymous_2)
FN:15,(anonymous_3)
FNF:3
FNH:0
FNDA:0,(anonymous_1)
FNDA:0,(anonymous_2)
FNDA:0,(anonymous_3)
DA:2,0
DA:3,0
DA:5,0
DA:6,0
DA:7,0
DA:8,0
DA:9,0
DA:11,0
DA:15,0
DA:16,0
DA:20,0
LF:11
LH:0
BRDA:8,0,0,0
BRDA:8,0,1,0
BRF:2
BRH:0
end_of_record
TN:
SF:src\tools\ssl.ts
FN:5,(anonymous_1)
FN:6,(anonymous_2)
FN:15,(anonymous_3)
FNF:3
FNH:0
FNDA:0,(anonymous_1)
FNDA:0,(anonymous_2)
FNDA:0,(anonymous_3)
DA:2,0
DA:3,0
DA:5,0
DA:6,0
DA:7,0
DA:8,0
DA:9,0
DA:11,0
DA:15,0
DA:16,0
DA:20,0
LF:11
LH:0
BRDA:8,0,0,0
BRDA:8,0,1,0
BRF:2
BRH:0
end_of_record
TN:
SF:src\tools\stream-route.ts
FN:5,(anonymous_1)
FN:6,(anonymous_2)
FNF:2
FNH:0
FNDA:0,(anonymous_1)
FNDA:0,(anonymous_2)
DA:2,0
DA:3,0
DA:5,0
DA:6,0
DA:7,0
DA:9,0
DA:10,0
DA:12,0
DA:17,0
LF:9
LH:0
BRDA:9,0,0,0
BRDA:9,0,1,0
BRF:2
BRH:0
end_of_record
TN:
SF:src\tools\upstream.ts
FN:5,(anonymous_1)
FN:6,(anonymous_2)
FN:15,(anonymous_3)
FNF:3
FNH:0
FNDA:0,(anonymous_1)
FNDA:0,(anonymous_2)
FNDA:0,(anonymous_3)
DA:2,0
DA:3,0
DA:5,0
DA:6,0
DA:7,0
DA:8,0
DA:9,0
DA:11,0
DA:15,0
DA:16,0
DA:17,0
DA:27,0
DA:31,0
LF:13
LH:0
BRDA:8,0,0,0
BRDA:8,0,1,0
BRDA:16,1,0,0
BRF:3
BRH:0
end_of_record
TN:
SF:src\utils\adminAPI.ts
FN:11,makeAdminAPIRequest
FNF:1
FNH:0
FNDA:0,makeAdminAPIRequest
DA:1,0
DA:2,0
DA:11,0
DA:16,0
DA:17,0
DA:19,0
DA:20,0
DA:30,0
DA:39,0
DA:40,0
DA:41,0
DA:45,0
DA:46,0
DA:47,0
DA:48,0
DA:50,0
DA:54,0
DA:69,0
DA:82,0
LF:19
LH:0
BRDA:13,0,0,0
BRDA:39,1,0,0
BRDA:39,1,1,0
BRDA:45,2,0,0
BRDA:61,3,0,0
BRDA:61,3,1,0
BRF:6
BRH:0
end_of_record
TN:
SF:src\utils\env.ts
FNF:0
FNH:0
DA:1,0
DA:2,0
DA:3,0
DA:4,0
DA:5,0
LF:5
LH:0
BRDA:1,0,0,0
BRDA:1,0,1,0
BRDA:2,1,0,0
BRDA:2,1,1,0
BRDA:3,2,0,0
BRDA:3,2,1,0
BRDA:4,3,0,0
BRDA:4,3,1,0
BRDA:5,4,0,0
BRDA:5,4,1,0
BRF:10
BRH:0
end_of_record
TN:
SF:src\utils\helper.ts
FN:3,(anonymous_0)
FN:6,(anonymous_1)
FNF:2
FNH:0
FNDA:0,(anonymous_0)
FNDA:0,(anonymous_1)
DA:1,0
DA:3,0
DA:4,0
DA:5,0
DA:6,0
DA:11,0
LF:6
LH:0
BRF:0
BRH:0
end_of_record
TN:
SF:src\utils\quantum-consciousness.ts
FN:34,(anonymous_0)
FN:43,(anonymous_1)
FN:58,(anonymous_2)
FN:85,(anonymous_3)
FN:115,(anonymous_4)
FN:140,(anonymous_5)
FN:156,(anonymous_6)
FN:165,(anonymous_7)
FN:174,(anonymous_8)
FN:187,(anonymous_9)
FN:189,(anonymous_10)
FN:204,(anonymous_11)
FN:211,(anonymous_12)
FNF:13
FNH:13
FNDA:8,(anonymous_0)
FNDA:6,(anonymous_1)
FNDA:3,(anonymous_2)
FNDA:3,(anonymous_3)
FNDA:14,(anonymous_4)
FNDA:3,(anonymous_5)
FNDA:3,(anonymous_6)
FNDA:3,(anonymous_7)
FNDA:9,(anonymous_8)
FNDA:1,(anonymous_9)
FNDA:1,(anonymous_10)
FNDA:1,(anonymous_11)
FNDA:2,(anonymous_12)
DA:7,1
DA:25,1
DA:29,8
DA:30,8
DA:31,8
DA:32,8
DA:35,8
DA:36,8
DA:37,8
DA:44,6
DA:45,6
DA:48,6
DA:49,6
DA:51,6
DA:52,6
DA:59,3
DA:60,2
DA:63,3
DA:64,3
DA:67,3
DA:78,3
DA:79,3
DA:86,3
DA:87,3
DA:90,3
DA:91,0
DA:94,3
DA:108,3
DA:109,3
DA:116,14
DA:117,14
DA:120,14
DA:123,14
DA:126,14
DA:128,14
DA:141,3
DA:149,3
DA:150,3
DA:157,3
DA:158,3
DA:159,3
DA:166,3
DA:167,3
DA:168,3
DA:175,9
DA:176,9
DA:177,332
DA:178,332
DA:179,332
DA:181,9
DA:188,1
DA:189,1
DA:192,1
DA:205,1
DA:212,2
DA:216,1
LF:56
LH:55
BRDA:34,0,0,0
BRDA:59,1,0,2
BRDA:90,2,0,0
BRDA:188,3,0,1
BRDA:188,3,1,0
BRF:5
BRH:2
end_of_record
TN:
SF:src\utils\quantum-error-transmuter.ts
FN:26,(anonymous_0)
FN:33,(anonymous_1)
FN:62,(anonymous_2)
FN:89,(anonymous_3)
FN:150,(anonymous_4)
FN:175,(anonymous_5)
FN:225,(anonymous_6)
FN:238,(anonymous_7)
FN:251,(anonymous_8)
FN:268,(anonymous_9)
FN:273,(anonymous_10)
FNF:11
FNH:11
FNDA:8,(anonymous_0)
FNDA:6,(anonymous_1)
FNDA:6,(anonymous_2)
FNDA:12,(anonymous_3)
FNDA:6,(anonymous_4)
FNDA:6,(anonymous_5)
FNDA:12,(anonymous_6)
FNDA:2,(anonymous_7)
FNDA:2,(anonymous_8)
FNDA:1,(anonymous_9)
FNDA:1099,(anonymous_10)
DA:21,1
DA:23,8
DA:24,8
DA:27,8
DA:34,6
DA:36,6
DA:37,6
DA:40,6
DA:41,6
DA:44,6
DA:47,6
DA:49,6
DA:63,6
DA:65,6
DA:67,6
DA:68,1
DA:69,5
DA:70,1
DA:71,4
DA:72,1
DA:73,3
DA:74,0
DA:75,3
DA:76,0
DA:77,3
DA:78,0
DA:79,3
DA:80,0
DA:82,3
DA:90,12
DA:141,12
DA:142,12
DA:144,12
DA:151,6
DA:169,6
DA:176,6
DA:219,6
DA:226,12
DA:227,12
DA:228,474
DA:229,474
DA:230,474
DA:232,12
DA:239,2
DA:252,2
DA:253,2
DA:255,2
DA:256,1
DA:257,1
DA:258,1
DA:262,2
DA:271,1
DA:272,1
DA:273,1099
DA:275,1
DA:278,1
DA:279,500
DA:285,1
LF:58
LH:54
BRDA:26,0,0,0
BRDA:37,1,0,6
BRDA:37,1,1,4
BRDA:40,2,0,6
BRDA:40,2,1,5
BRDA:63,3,0,0
BRDA:65,4,0,6
BRDA:65,4,1,0
BRDA:67,5,0,1
BRDA:67,5,1,5
BRDA:67,6,0,6
BRDA:67,6,1,5
BRDA:69,7,0,1
BRDA:69,7,1,4
BRDA:71,8,0,1
BRDA:71,8,1,3
BRDA:71,9,0,4
BRDA:71,9,1,3
BRDA:73,10,0,0
BRDA:73,10,1,3
BRDA:73,11,0,3
BRDA:73,11,1,3
BRDA:75,12,0,0
BRDA:75,12,1,3
BRDA:75,13,0,3
BRDA:75,13,1,3
BRDA:77,14,0,0
BRDA:77,14,1,3
BRDA:79,15,0,0
BRDA:79,15,1,3
BRDA:141,16,0,12
BRDA:141,16,1,0
BRDA:156,17,0,6
BRDA:156,17,1,0
BRDA:158,18,0,6
BRDA:158,18,1,4
BRDA:219,19,0,6
BRDA:219,19,1,0
BRDA:256,20,0,1
BRDA:268,21,0,1
BRDA:271,22,0,1
BRF:41
BRH:31
end_of_record
TN:
SF:src\utils\quantum-frequency.ts
FN:16,(anonymous_0)
FN:24,(anonymous_1)
FN:35,(anonymous_2)
FN:46,(anonymous_3)
FN:64,(anonymous_4)
FN:77,(anonymous_5)
FN:90,(anonymous_6)
FN:109,(anonymous_7)
FN:124,(anonymous_8)
FNF:9
FNH:8
FNDA:17,(anonymous_0)
FNDA:3,(anonymous_1)
FNDA:1,(anonymous_2)
FNDA:18,(anonymous_3)
FNDA:11,(anonymous_4)
FNDA:2,(anonymous_5)
FNDA:1,(anonymous_6)
FNDA:1,(anonymous_7)
FNDA:0,(anonymous_8)
DA:7,1
DA:8,1
DA:9,1
DA:11,1
DA:14,17
DA:17,17
DA:18,17
DA:25,3
DA:26,3
DA:27,3
DA:28,3
DA:29,3
DA:36,1
DA:37,1
DA:38,4
DA:40,1
DA:47,18
DA:48,18
DA:50,18
DA:51,18
DA:52,144
DA:53,144
DA:54,33
DA:58,18
DA:65,11
DA:66,11
DA:67,76
DA:68,76
DA:69,76
DA:71,11
DA:78,2
DA:91,1
DA:92,1
DA:94,1
DA:95,8
DA:96,8
DA:97,8
DA:98,8
DA:100,8
DA:103,1
DA:110,1
DA:112,1
DA:113,1
DA:114,0
DA:115,0
DA:117,0
DA:125,0
DA:129,1
LF:48
LH:44
BRDA:16,0,0,0
BRDA:16,1,0,11
BRDA:24,2,0,0
BRDA:35,3,0,0
BRDA:53,4,0,33
BRDA:112,5,0,1
BRDA:112,5,1,0
BRDA:114,6,0,0
BRDA:114,6,1,0
BRF:9
BRH:3
end_of_record
TN:
SF:src\utils\quantum-supabase-connector.ts
FN:28,(anonymous_0)
FN:36,(anonymous_1)
FN:58,(anonymous_2)
FN:65,(anonymous_3)
FN:95,(anonymous_4)
FN:114,(anonymous_5)
FN:126,(anonymous_6)
FNF:7
FNH:7
FNDA:8,(anonymous_0)
FNDA:6,(anonymous_1)
FNDA:2,(anonymous_2)
FNDA:1,(anonymous_3)
FNDA:1,(anonymous_4)
FNDA:2,(anonymous_5)
FNDA:1,(anonymous_6)
DA:19,1
DA:20,8
DA:21,8
DA:22,8
DA:23,8
DA:24,8
DA:29,8
DA:30,8
DA:37,6
DA:38,6
DA:39,6
DA:40,6
DA:44,0
DA:45,0
DA:47,0
DA:50,0
DA:51,0
DA:59,2
DA:66,1
DA:67,1
DA:70,0
DA:72,0
DA:80,0
DA:81,0
DA:84,0
DA:87,0
DA:88,0
DA:96,1
DA:97,1
DA:100,0
DA:102,0
DA:103,0
DA:106,0
DA:107,0
DA:115,2
DA:127,1
DA:128,1
DA:132,1
LF:38
LH:21
BRDA:38,0,0,6
BRDA:38,1,0,6
BRDA:38,1,1,0
BRDA:66,2,0,1
BRDA:96,3,0,1
BRF:5
BRH:4
end_of_record
